<?xml version="1.0" encoding="UTF-8"?>
<!-- Generated by org.testng.reporters.JUnitXMLReporter -->
<testsuite ignored="2" hostname="Priyanka" failures="0" tests="1" name="Default test" time="2.89" errors="0" timestamp="2026-05-05T00:14:27 EDT">
  <testcase classname="testTable.TheTableTests" name="minEnrollTest" time="0.238"/>
  <testcase classname="testTable.TheTableTests" name="languageFilterTest" time="0.0">
    <ignored/>
  </testcase> <!-- languageFilterTest -->
  <testcase classname="testTable.TheTableTests" name="beginnerLevelTest" time="0.0">
    <ignored/>
  </testcase> <!-- beginnerLevelTest -->
</testsuite> <!-- Default test -->
