<?xml version="1.0" encoding="UTF-8"?>
<testng-results ignored="2" total="3" passed="1" failed="0" skipped="0">
  <reporter-output>
  </reporter-output>
  <suite started-at="2026-05-05T00:14:24 EDT" name="Default suite" finished-at="2026-05-05T00:14:27 EDT" duration-ms="2890">
    <groups>
    </groups>
    <test started-at="2026-05-05T00:14:24 EDT" name="Default test" finished-at="2026-05-05T00:14:27 EDT" duration-ms="2890">
      <class name="testTable.TheTableTests">
        <test-method is-config="true" signature="initialise()[pri:0, instance:testTable.TheTableTests@48bb62]" started-at="2026-05-05T00:14:24 EDT" name="initialise" finished-at="2026-05-05T00:14:24 EDT" duration-ms="164" status="PASS">
          <reporter-output>
          </reporter-output>
        </test-method> <!-- initialise -->
        <test-method is-config="true" signature="preReq(java.lang.reflect.Method)[pri:0, instance:testTable.TheTableTests@48bb62]" started-at="2026-05-05T00:14:24 EDT" name="preReq" finished-at="2026-05-05T00:14:26 EDT" duration-ms="2453" status="PASS">
          <params>
            <param index="0">
              <value>
                <![CDATA[public void testTable.TheTableTests.minEnrollTest()]]>
              </value>
            </param>
          </params>
          <reporter-output>
          </reporter-output>
        </test-method> <!-- preReq -->
        <test-method signature="minEnrollTest()[pri:0, instance:testTable.TheTableTests@48bb62]" started-at="2026-05-05T00:14:26 EDT" name="minEnrollTest" finished-at="2026-05-05T00:14:27 EDT" duration-ms="238" status="PASS">
          <reporter-output>
          </reporter-output>
        </test-method> <!-- minEnrollTest -->
        <test-method is-config="true" signature="tearDown(org.testng.ITestResult)[pri:0, instance:testTable.TheTableTests@48bb62]" started-at="2026-05-05T00:14:27 EDT" name="tearDown" finished-at="2026-05-05T00:14:27 EDT" duration-ms="180" status="PASS">
          <params>
            <param index="0">
              <value>
                <![CDATA[[TestResult name=minEnrollTest status=SUCCESS method=TheTableTests.minEnrollTest()[pri:0, instance:testTable.TheTableTests@48bb62] output={null}]]]>
              </value>
            </param>
          </params>
          <reporter-output>
          </reporter-output>
        </test-method> <!-- tearDown -->
        <test-method is-config="true" signature="flushReport()[pri:0, instance:testTable.TheTableTests@48bb62]" started-at="2026-05-05T00:14:27 EDT" name="flushReport" finished-at="2026-05-05T00:14:27 EDT" duration-ms="165" status="PASS">
          <reporter-output>
          </reporter-output>
        </test-method> <!-- flushReport -->
      </class> <!-- testTable.TheTableTests -->
    </test> <!-- Default test -->
  </suite> <!-- Default suite -->
</testng-results>
